<?xml version="1.0" encoding="UTF-8"?>
<testsuite xmlns:xsi="http://www.w3.org/2001/XMLSchema-instance" xsi:noNamespaceSchemaLocation="https://maven.apache.org/surefire/maven-surefire-plugin/xsd/surefire-test-report-3.0.xsd" version="3.0" name="fun.wsss.AppTest" time="0.012" tests="1" errors="0" skipped="0" failures="0">
  <properties>
    <property name="java.specification.version" value="17"/>
    <property name="sun.cpu.isalist" value="amd64"/>
    <property name="sun.jnu.encoding" value="GBK"/>
    <property name="java.class.path" value="D:\Code\wsssfun-ClubManag\club-api\club-base-common\target\test-classes;D:\Code\wsssfun-ClubManag\club-api\club-base-common\target\classes;D:\apache-maven-3.9.9\repo\org\projectlombok\lombok\1.18.22\lombok-1.18.22.jar;D:\apache-maven-3.9.9\repo\io\jsonwebtoken\jjwt\0.12.3\jjwt-0.12.3.jar;D:\apache-maven-3.9.9\repo\io\jsonwebtoken\jjwt-api\0.12.3\jjwt-api-0.12.3.jar;D:\apache-maven-3.9.9\repo\io\jsonwebtoken\jjwt-impl\0.12.3\jjwt-impl-0.12.3.jar;D:\apache-maven-3.9.9\repo\io\jsonwebtoken\jjwt-jackson\0.12.3\jjwt-jackson-0.12.3.jar;D:\apache-maven-3.9.9\repo\com\fasterxml\jackson\core\jackson-databind\2.12.7.1\jackson-databind-2.12.7.1.jar;D:\apache-maven-3.9.9\repo\com\fasterxml\jackson\core\jackson-annotations\2.12.7\jackson-annotations-2.12.7.jar;D:\apache-maven-3.9.9\repo\com\fasterxml\jackson\core\jackson-core\2.12.7\jackson-core-2.12.7.jar;D:\apache-maven-3.9.9\repo\com\alibaba\fastjson\1.2.83\fastjson-1.2.83.jar;D:\apache-maven-3.9.9\repo\junit\junit\3.8.1\junit-3.8.1.jar;D:\apache-maven-3.9.9\repo\mysql\mysql-connector-java\8.0.28\mysql-connector-java-8.0.28.jar;D:\apache-maven-3.9.9\repo\com\google\protobuf\protobuf-java\3.11.4\protobuf-java-3.11.4.jar;D:\apache-maven-3.9.9\repo\com\baomidou\mybatis-plus-boot-starter\3.5.7\mybatis-plus-boot-starter-3.5.7.jar;D:\apache-maven-3.9.9\repo\com\baomidou\mybatis-plus\3.5.7\mybatis-plus-3.5.7.jar;D:\apache-maven-3.9.9\repo\com\baomidou\mybatis-plus-core\3.5.7\mybatis-plus-core-3.5.7.jar;D:\apache-maven-3.9.9\repo\com\baomidou\mybatis-plus-annotation\3.5.7\mybatis-plus-annotation-3.5.7.jar;D:\apache-maven-3.9.9\repo\com\baomidou\mybatis-plus-extension\3.5.7\mybatis-plus-extension-3.5.7.jar;D:\apache-maven-3.9.9\repo\org\mybatis\mybatis\3.5.16\mybatis-3.5.16.jar;D:\apache-maven-3.9.9\repo\com\github\jsqlparser\jsqlparser\4.9\jsqlparser-4.9.jar;D:\apache-maven-3.9.9\repo\org\mybatis\mybatis-spring\2.1.2\mybatis-spring-2.1.2.jar;D:\apache-maven-3.9.9\repo\com\baomidou\mybatis-plus-spring-boot-autoconfigure\3.5.7\mybatis-plus-spring-boot-autoconfigure-3.5.7.jar;D:\apache-maven-3.9.9\repo\org\springframework\boot\spring-boot-autoconfigure\2.7.18\spring-boot-autoconfigure-2.7.18.jar;D:\apache-maven-3.9.9\repo\org\springframework\boot\spring-boot\2.7.18\spring-boot-2.7.18.jar;D:\apache-maven-3.9.9\repo\org\springframework\spring-core\5.3.31\spring-core-5.3.31.jar;D:\apache-maven-3.9.9\repo\org\springframework\spring-jcl\5.3.31\spring-jcl-5.3.31.jar;D:\apache-maven-3.9.9\repo\org\springframework\spring-context\5.3.31\spring-context-5.3.31.jar;D:\apache-maven-3.9.9\repo\org\springframework\spring-aop\5.3.31\spring-aop-5.3.31.jar;D:\apache-maven-3.9.9\repo\org\springframework\spring-expression\5.3.31\spring-expression-5.3.31.jar;D:\apache-maven-3.9.9\repo\org\springframework\boot\spring-boot-starter-jdbc\2.7.18\spring-boot-starter-jdbc-2.7.18.jar;D:\apache-maven-3.9.9\repo\org\springframework\boot\spring-boot-starter\2.7.18\spring-boot-starter-2.7.18.jar;D:\apache-maven-3.9.9\repo\org\springframework\boot\spring-boot-starter-logging\2.7.18\spring-boot-starter-logging-2.7.18.jar;D:\apache-maven-3.9.9\repo\ch\qos\logback\logback-classic\1.2.12\logback-classic-1.2.12.jar;D:\apache-maven-3.9.9\repo\ch\qos\logback\logback-core\1.2.12\logback-core-1.2.12.jar;D:\apache-maven-3.9.9\repo\org\apache\logging\log4j\log4j-to-slf4j\2.17.2\log4j-to-slf4j-2.17.2.jar;D:\apache-maven-3.9.9\repo\org\apache\logging\log4j\log4j-api\2.17.2\log4j-api-2.17.2.jar;D:\apache-maven-3.9.9\repo\org\slf4j\jul-to-slf4j\1.7.36\jul-to-slf4j-1.7.36.jar;D:\apache-maven-3.9.9\repo\jakarta\annotation\jakarta.annotation-api\1.3.5\jakarta.annotation-api-1.3.5.jar;D:\apache-maven-3.9.9\repo\org\yaml\snakeyaml\1.30\snakeyaml-1.30.jar;D:\apache-maven-3.9.9\repo\com\zaxxer\HikariCP\4.0.3\HikariCP-4.0.3.jar;D:\apache-maven-3.9.9\repo\org\slf4j\slf4j-api\2.0.0-alpha1\slf4j-api-2.0.0-alpha1.jar;D:\apache-maven-3.9.9\repo\org\springframework\spring-jdbc\5.3.31\spring-jdbc-5.3.31.jar;D:\apache-maven-3.9.9\repo\org\springframework\spring-beans\5.3.31\spring-beans-5.3.31.jar;D:\apache-maven-3.9.9\repo\org\springframework\spring-tx\5.3.31\spring-tx-5.3.31.jar;D:\apache-maven-3.9.9\repo\com\alibaba\druid\1.2.6\druid-1.2.6.jar;D:\apache-maven-3.9.9\repo\com\github\penggle\kaptcha\2.3.2\kaptcha-2.3.2.jar;D:\apache-maven-3.9.9\repo\javax\servlet\javax.servlet-api\3.1.0\javax.servlet-api-3.1.0.jar;D:\apache-maven-3.9.9\repo\com\jhlabs\filters\2.0.235-1\filters-2.0.235-1.jar;D:\apache-maven-3.9.9\repo\org\apache\commons\commons-lang3\3.12.0\commons-lang3-3.12.0.jar;D:\apache-maven-3.9.9\repo\org\apache\commons\commons-collections4\4.4\commons-collections4-4.4.jar;D:\apache-maven-3.9.9\repo\commons-io\commons-io\2.14.0\commons-io-2.14.0.jar;"/>
    <property name="java.vm.vendor" value="Oracle Corporation"/>
    <property name="sun.arch.data.model" value="64"/>
    <property name="user.variant" value=""/>
    <property name="java.vendor.url" value="https://java.oracle.com/"/>
    <property name="user.timezone" value="Asia/Shanghai"/>
    <property name="os.name" value="Windows 11"/>
    <property name="java.vm.specification.version" value="17"/>
    <property name="sun.java.launcher" value="SUN_STANDARD"/>
    <property name="user.country" value="CN"/>
    <property name="sun.boot.library.path" value="C:\Program Files\Java\jdk-17\bin"/>
    <property name="sun.java.command" value="C:\Users\Administrator\AppData\Local\Temp\surefire17160576092903601423\surefirebooter-20241015001552278_3.jar C:\Users\Administrator\AppData\Local\Temp\surefire17160576092903601423 2024-10-15T00-15-52_206-jvmRun1 surefire-20241015001552278_1tmp surefire_0-20241015001552278_2tmp"/>
    <property name="jdk.debug" value="release"/>
    <property name="surefire.test.class.path" value="D:\Code\wsssfun-ClubManag\club-api\club-base-common\target\test-classes;D:\Code\wsssfun-ClubManag\club-api\club-base-common\target\classes;D:\apache-maven-3.9.9\repo\org\projectlombok\lombok\1.18.22\lombok-1.18.22.jar;D:\apache-maven-3.9.9\repo\io\jsonwebtoken\jjwt\0.12.3\jjwt-0.12.3.jar;D:\apache-maven-3.9.9\repo\io\jsonwebtoken\jjwt-api\0.12.3\jjwt-api-0.12.3.jar;D:\apache-maven-3.9.9\repo\io\jsonwebtoken\jjwt-impl\0.12.3\jjwt-impl-0.12.3.jar;D:\apache-maven-3.9.9\repo\io\jsonwebtoken\jjwt-jackson\0.12.3\jjwt-jackson-0.12.3.jar;D:\apache-maven-3.9.9\repo\com\fasterxml\jackson\core\jackson-databind\2.12.7.1\jackson-databind-2.12.7.1.jar;D:\apache-maven-3.9.9\repo\com\fasterxml\jackson\core\jackson-annotations\2.12.7\jackson-annotations-2.12.7.jar;D:\apache-maven-3.9.9\repo\com\fasterxml\jackson\core\jackson-core\2.12.7\jackson-core-2.12.7.jar;D:\apache-maven-3.9.9\repo\com\alibaba\fastjson\1.2.83\fastjson-1.2.83.jar;D:\apache-maven-3.9.9\repo\junit\junit\3.8.1\junit-3.8.1.jar;D:\apache-maven-3.9.9\repo\mysql\mysql-connector-java\8.0.28\mysql-connector-java-8.0.28.jar;D:\apache-maven-3.9.9\repo\com\google\protobuf\protobuf-java\3.11.4\protobuf-java-3.11.4.jar;D:\apache-maven-3.9.9\repo\com\baomidou\mybatis-plus-boot-starter\3.5.7\mybatis-plus-boot-starter-3.5.7.jar;D:\apache-maven-3.9.9\repo\com\baomidou\mybatis-plus\3.5.7\mybatis-plus-3.5.7.jar;D:\apache-maven-3.9.9\repo\com\baomidou\mybatis-plus-core\3.5.7\mybatis-plus-core-3.5.7.jar;D:\apache-maven-3.9.9\repo\com\baomidou\mybatis-plus-annotation\3.5.7\mybatis-plus-annotation-3.5.7.jar;D:\apache-maven-3.9.9\repo\com\baomidou\mybatis-plus-extension\3.5.7\mybatis-plus-extension-3.5.7.jar;D:\apache-maven-3.9.9\repo\org\mybatis\mybatis\3.5.16\mybatis-3.5.16.jar;D:\apache-maven-3.9.9\repo\com\github\jsqlparser\jsqlparser\4.9\jsqlparser-4.9.jar;D:\apache-maven-3.9.9\repo\org\mybatis\mybatis-spring\2.1.2\mybatis-spring-2.1.2.jar;D:\apache-maven-3.9.9\repo\com\baomidou\mybatis-plus-spring-boot-autoconfigure\3.5.7\mybatis-plus-spring-boot-autoconfigure-3.5.7.jar;D:\apache-maven-3.9.9\repo\org\springframework\boot\spring-boot-autoconfigure\2.7.18\spring-boot-autoconfigure-2.7.18.jar;D:\apache-maven-3.9.9\repo\org\springframework\boot\spring-boot\2.7.18\spring-boot-2.7.18.jar;D:\apache-maven-3.9.9\repo\org\springframework\spring-core\5.3.31\spring-core-5.3.31.jar;D:\apache-maven-3.9.9\repo\org\springframework\spring-jcl\5.3.31\spring-jcl-5.3.31.jar;D:\apache-maven-3.9.9\repo\org\springframework\spring-context\5.3.31\spring-context-5.3.31.jar;D:\apache-maven-3.9.9\repo\org\springframework\spring-aop\5.3.31\spring-aop-5.3.31.jar;D:\apache-maven-3.9.9\repo\org\springframework\spring-expression\5.3.31\spring-expression-5.3.31.jar;D:\apache-maven-3.9.9\repo\org\springframework\boot\spring-boot-starter-jdbc\2.7.18\spring-boot-starter-jdbc-2.7.18.jar;D:\apache-maven-3.9.9\repo\org\springframework\boot\spring-boot-starter\2.7.18\spring-boot-starter-2.7.18.jar;D:\apache-maven-3.9.9\repo\org\springframework\boot\spring-boot-starter-logging\2.7.18\spring-boot-starter-logging-2.7.18.jar;D:\apache-maven-3.9.9\repo\ch\qos\logback\logback-classic\1.2.12\logback-classic-1.2.12.jar;D:\apache-maven-3.9.9\repo\ch\qos\logback\logback-core\1.2.12\logback-core-1.2.12.jar;D:\apache-maven-3.9.9\repo\org\apache\logging\log4j\log4j-to-slf4j\2.17.2\log4j-to-slf4j-2.17.2.jar;D:\apache-maven-3.9.9\repo\org\apache\logging\log4j\log4j-api\2.17.2\log4j-api-2.17.2.jar;D:\apache-maven-3.9.9\repo\org\slf4j\jul-to-slf4j\1.7.36\jul-to-slf4j-1.7.36.jar;D:\apache-maven-3.9.9\repo\jakarta\annotation\jakarta.annotation-api\1.3.5\jakarta.annotation-api-1.3.5.jar;D:\apache-maven-3.9.9\repo\org\yaml\snakeyaml\1.30\snakeyaml-1.30.jar;D:\apache-maven-3.9.9\repo\com\zaxxer\HikariCP\4.0.3\HikariCP-4.0.3.jar;D:\apache-maven-3.9.9\repo\org\slf4j\slf4j-api\2.0.0-alpha1\slf4j-api-2.0.0-alpha1.jar;D:\apache-maven-3.9.9\repo\org\springframework\spring-jdbc\5.3.31\spring-jdbc-5.3.31.jar;D:\apache-maven-3.9.9\repo\org\springframework\spring-beans\5.3.31\spring-beans-5.3.31.jar;D:\apache-maven-3.9.9\repo\org\springframework\spring-tx\5.3.31\spring-tx-5.3.31.jar;D:\apache-maven-3.9.9\repo\com\alibaba\druid\1.2.6\druid-1.2.6.jar;D:\apache-maven-3.9.9\repo\com\github\penggle\kaptcha\2.3.2\kaptcha-2.3.2.jar;D:\apache-maven-3.9.9\repo\javax\servlet\javax.servlet-api\3.1.0\javax.servlet-api-3.1.0.jar;D:\apache-maven-3.9.9\repo\com\jhlabs\filters\2.0.235-1\filters-2.0.235-1.jar;D:\apache-maven-3.9.9\repo\org\apache\commons\commons-lang3\3.12.0\commons-lang3-3.12.0.jar;D:\apache-maven-3.9.9\repo\org\apache\commons\commons-collections4\4.4\commons-collections4-4.4.jar;D:\apache-maven-3.9.9\repo\commons-io\commons-io\2.14.0\commons-io-2.14.0.jar;"/>
    <property name="sun.cpu.endian" value="little"/>
    <property name="user.home" value="C:\Users\Administrator"/>
    <property name="user.language" value="zh"/>
    <property name="java.specification.vendor" value="Oracle Corporation"/>
    <property name="java.version.date" value="2023-10-17"/>
    <property name="java.home" value="C:\Program Files\Java\jdk-17"/>
    <property name="file.separator" value="\"/>
    <property name="basedir" value="D:\Code\wsssfun-ClubManag\club-api\club-base-common"/>
    <property name="java.vm.compressedOopsMode" value="Zero based"/>
    <property name="line.separator" value="&#10;"/>
    <property name="java.vm.specification.vendor" value="Oracle Corporation"/>
    <property name="java.specification.name" value="Java Platform API Specification"/>
    <property name="surefire.real.class.path" value="C:\Users\Administrator\AppData\Local\Temp\surefire17160576092903601423\surefirebooter-20241015001552278_3.jar"/>
    <property name="user.script" value=""/>
    <property name="sun.management.compiler" value="HotSpot 64-Bit Tiered Compilers"/>
    <property name="java.runtime.version" value="17.0.9+11-LTS-201"/>
    <property name="user.name" value="Wsssfun"/>
    <property name="path.separator" value=";"/>
    <property name="os.version" value="10.0"/>
    <property name="java.runtime.name" value="Java(TM) SE Runtime Environment"/>
    <property name="file.encoding" value="GBK"/>
    <property name="java.vm.name" value="Java HotSpot(TM) 64-Bit Server VM"/>
    <property name="localRepository" value="D:\apache-maven-3.9.9\repo"/>
    <property name="java.vendor.url.bug" value="https://bugreport.java.com/bugreport/"/>
    <property name="java.io.tmpdir" value="C:\Users\Administrator\AppData\Local\Temp\"/>
    <property name="idea.version" value="2024.2.1"/>
    <property name="java.version" value="17.0.9"/>
    <property name="user.dir" value="D:\Code\wsssfun-ClubManag\club-api\club-base-common"/>
    <property name="os.arch" value="amd64"/>
    <property name="java.vm.specification.name" value="Java Virtual Machine Specification"/>
    <property name="sun.os.patch.level" value=""/>
    <property name="native.encoding" value="GBK"/>
    <property name="java.library.path" value="C:\Program Files\Java\jdk-17\bin;C:\Windows\Sun\Java\bin;C:\Windows\system32;C:\Windows;C:\Program Files (x86)\Common Files\Oracle\Java\java8path;C:\Program Files (x86)\Common Files\Oracle\Java\javapath;C:\Program Files\platform-tools;C:\Program Files (x86)\Common Files\Intel\Shared Libraries\redist\intel64\compiler;C:\Windows\system32;C:\Windows;C:\Windows\System32\Wbem;C:\Windows\System32\WindowsPowerShell\v1.0\;C:\Windows\System32\OpenSSH\;C:\Program Files (x86)\NVIDIA Corporation\PhysX\Common;C:\Program Files\dotnet\;C:\Program Files\PostgreSQL\16\bin;C:\Program Files\NVIDIA Corporation\NVIDIA App\NvDLISR;C:\Program Files\nodejs\;%ANDROID_HOME%\platform-tools;C:\Program Files\Java\jdk-17\bin;F:\微信web开发者工具\dll;C:\Pro;ram Files (x86)\Microsoft SQL Server\110\Tools\Binn\;C:\Program Files\Microsoft SQL Server\110\Tools\Binn\;C:\Program Files\Microsoft SQL Server\110\DTS\Binn\;C:\Program Files\Microsoft SQL Server\120\Tools\Binn\;C:\Program Files (x86)\NetSarang\Xshell 8\;C:\Program Files\Git\cmd;C:\Program Files\NVIDIA Corporation\NVIDIA NvDLISR;C:\Program Files\MySQL\MySQL Server 8.0\bin;C:\Users\Administrator\AppData\Local\Programs\Python\Python310\Scripts\;C:\Users\Administrator\AppData\Local\Programs\Python\Python310\;C:\Users\Administrator\AppData\Local\Programs\Python\Python311\Scripts\;C:\Users\Administrator\AppData\Local\Programs\Python\Python311\;C:\Users\Administrator\AppData\Local\Programs\Python\Python312\Scripts\;C:\Users\Administrator\AppData\Local\Programs\Python\Python312\;C:\Users\Administrator\AppData\Local\Programs\Python\Launcher\;C:\Users\Administrator\AppData\Local\Microsoft\WindowsApps;C:\Users\Administrator\.dotnet\tools;D:\IntelliJ IDEA 2023.3.4\bin;;D:\Microsoft VS Code\bin;C:\Users\Administrator\AppData\Roaming\npm;D:\PyCharm 2023.3.4\bin;;D:\WebStorm 2023.3.4\bin;;C:\Users\Administrator\AppData\Local\GitHubDesktop\bin;C:\Users\Administrator\AppData\Local\Programs\cs-demo-manager;F:\Fiddler;D:\IntelliJ IDEA 2024.2.0.2\bin;;."/>
    <property name="java.vm.info" value="mixed mode, sharing"/>
    <property name="java.vendor" value="Oracle Corporation"/>
    <property name="java.vm.version" value="17.0.9+11-LTS-201"/>
    <property name="sun.io.unicode.encoding" value="UnicodeLittle"/>
    <property name="maven.repo.local" value="D:\apache-maven-3.9.9\repo"/>
    <property name="java.class.version" value="61.0"/>
  </properties>
  <testcase name="testApp" classname="fun.wsss.AppTest" time="0.0"/>
</testsuite>